d:\ws\nyte2\nyte2\x64\debug\vc143.pdb
d:\ws\nyte2\nyte2\x64\debug\vc143.idb
d:\ws\nyte2\nyte2\x64\debug\engine.obj
d:\ws\nyte2\nyte2\x64\debug\mainold.obj
d:\ws\nyte2\nyte2\x64\debug\main.obj
d:\ws\nyte2\nyte2\x64\debug\hellotriangleapplication.obj
d:\ws\nyte2\nyte2\x64\debug\filehelper.obj
d:\ws\nyte2\nyte2\x64\debug\nyte2.pdb
d:\ws\nyte2\nyte2\x64\debug\nyte2.tlog\cl.command.1.tlog
d:\ws\nyte2\nyte2\x64\debug\nyte2.tlog\cl.read.1.tlog
d:\ws\nyte2\nyte2\x64\debug\nyte2.tlog\cl.write.1.tlog
d:\ws\nyte2\nyte2\x64\debug\nyte2.tlog\link-cvtres.read.1.tlog
d:\ws\nyte2\nyte2\x64\debug\nyte2.tlog\link-cvtres.write.1.tlog
d:\ws\nyte2\nyte2\x64\debug\nyte2.tlog\link-rc.read.1.tlog
d:\ws\nyte2\nyte2\x64\debug\nyte2.tlog\link-rc.write.1.tlog
d:\ws\nyte2\nyte2\x64\debug\nyte2.tlog\link.35108-cvtres.read.1.tlog
d:\ws\nyte2\nyte2\x64\debug\nyte2.tlog\link.35108-cvtres.write.1.tlog
d:\ws\nyte2\nyte2\x64\debug\nyte2.tlog\link.35108-rc.read.1.tlog
d:\ws\nyte2\nyte2\x64\debug\nyte2.tlog\link.35108-rc.write.1.tlog
d:\ws\nyte2\nyte2\x64\debug\nyte2.tlog\link.35108.read.1.tlog
d:\ws\nyte2\nyte2\x64\debug\nyte2.tlog\link.35108.read.3.tlog
d:\ws\nyte2\nyte2\x64\debug\nyte2.tlog\link.35108.write.1.tlog
d:\ws\nyte2\nyte2\x64\debug\nyte2.tlog\link.command.1.tlog
d:\ws\nyte2\nyte2\x64\debug\nyte2.tlog\link.read.1.tlog
d:\ws\nyte2\nyte2\x64\debug\nyte2.tlog\link.read.2.tlog
d:\ws\nyte2\nyte2\x64\debug\nyte2.tlog\link.read.3.tlog
d:\ws\nyte2\nyte2\x64\debug\nyte2.tlog\link.write.1.tlog
